Log file open, 10/25/20 15:04:47
LogInit: Display: Running engine for game: FPS_System_BP
LogPlatformFile: Not using cached read wrapper
LogTaskGraph: Started task graph with 5 named threads and 23 total threads with 3 sets of task threads.
LogStats: Stats thread started at 0.082634
LogD3D11RHI: Loaded GFSDK_Aftermath_Lib.x64.dll
LogICUInternationalization: ICU TimeZone Detection - Raw Offset: +8:00, Platform Override: ''
LogPluginManager: Mounting plugin Paper2D
LogPluginManager: Mounting plugin AISupport
LogPluginManager: Mounting plugin LightPropagationVolume
LogPluginManager: Mounting plugin CameraShakePreviewer
LogPluginManager: Mounting plugin ActorLayerUtilities
LogPluginManager: Mounting plugin AnimationSharing
LogPluginManager: Mounting plugin CLionSourceCodeAccess
LogPluginManager: Mounting plugin CodeLiteSourceCodeAccess
LogPluginManager: Mounting plugin GitSourceControl
LogPluginManager: Mounting plugin KDevelopSourceCodeAccess
LogPluginManager: Mounting plugin NullSourceCodeAccess
LogPluginManager: Mounting plugin PerforceSourceControl
LogPluginManager: Mounting plugin PlasticSourceControl
LogPluginManager: Mounting plugin RiderSourceCodeAccess
LogPluginManager: Mounting plugin SubversionSourceControl
LogPluginManager: Mounting plugin UObjectPlugin
LogPluginManager: Mounting plugin VisualStudioCodeSourceCodeAccess
LogPluginManager: Mounting plugin VisualStudioSourceCodeAccess
LogPluginManager: Mounting plugin XCodeSourceCodeAccess
LogPluginManager: Mounting plugin AssetManagerEditor
LogPluginManager: Mounting plugin CryptoKeys
LogPluginManager: Mounting plugin CurveEditorTools
LogPluginManager: Mounting plugin DataValidation
LogPluginManager: Mounting plugin EditorScriptingUtilities
LogPluginManager: Mounting plugin FacialAnimation
LogPluginManager: Mounting plugin GameplayTagsEditor
LogPluginManager: Mounting plugin GeometryMode
LogPluginManager: Mounting plugin MacGraphicsSwitching
LogPluginManager: Mounting plugin MaterialAnalyzer
LogPluginManager: Mounting plugin MobileLauncherProfileWizard
LogPluginManager: Mounting plugin PluginBrowser
LogPluginManager: Mounting plugin SpeedTreeImporter
LogPluginManager: Mounting plugin DatasmithContent
LogPluginManager: Mounting plugin VariantManagerContent
LogPluginManager: Mounting plugin AlembicImporter
LogPluginManager: Mounting plugin AutomationUtils
LogPluginManager: Mounting plugin BackChannel
LogPluginManager: Mounting plugin ChaosCloth
LogPluginManager: Mounting plugin ChaosClothEditor
LogPluginManager: Mounting plugin ChaosEditor
LogPluginManager: Mounting plugin ChaosNiagara
LogPluginManager: Mounting plugin ChaosSolverPlugin
LogPluginManager: Mounting plugin CharacterAI
LogPluginManager: Mounting plugin GeometryCache
LogPluginManager: Mounting plugin GeometryCollectionPlugin
LogPluginManager: Mounting plugin GeometryProcessing
LogPluginManager: Mounting plugin PlanarCut
LogPluginManager: Mounting plugin PlatformCrypto
LogPluginManager: Mounting plugin ProxyLODPlugin
LogPluginManager: Mounting plugin SkeletalReduction
LogPluginManager: Mounting plugin Niagara
LogPluginManager: Mounting plugin MagicLeap
LogPluginManager: Mounting plugin MagicLeapLightEstimation
LogPluginManager: Mounting plugin MagicLeapMedia
LogPluginManager: Mounting plugin MagicLeapPassableWorld
LogPluginManager: Mounting plugin MLSDK
LogPluginManager: Mounting plugin AndroidMedia
LogPluginManager: Mounting plugin AvfMedia
LogPluginManager: Mounting plugin ImgMedia
LogPluginManager: Mounting plugin MediaCompositing
LogPluginManager: Mounting plugin MediaPlayerEditor
LogPluginManager: Mounting plugin WebMMedia
LogPluginManager: Mounting plugin WmfMedia
LogPluginManager: Mounting plugin MeshPainting
LogPluginManager: Mounting plugin TcpMessaging
LogPluginManager: Mounting plugin UdpMessaging
LogPluginManager: Mounting plugin ActorSequence
LogPluginManager: Mounting plugin LevelSequenceEditor
LogPluginManager: Mounting plugin MatineeToLevelSequence
LogPluginManager: Mounting plugin MovieRenderPipeline
LogPluginManager: Mounting plugin TemplateSequence
LogPluginManager: Mounting plugin NetcodeUnitTest
LogPluginManager: Mounting plugin NUTUnrealEngine4
LogPluginManager: Mounting plugin OnlineSubsystemGooglePlay
LogPluginManager: Mounting plugin OnlineSubsystemIOS
LogPluginManager: Mounting plugin OnlineSubsystem
LogPluginManager: Mounting plugin OnlineSubsystemNull
LogPluginManager: Mounting plugin OnlineSubsystemUtils
LogPluginManager: Mounting plugin LauncherChunkInstaller
LogPluginManager: Mounting plugin AndroidDeviceProfileSelector
LogPluginManager: Mounting plugin AndroidMoviePlayer
LogPluginManager: Mounting plugin AndroidPermission
LogPluginManager: Mounting plugin AppleImageUtils
LogPluginManager: Mounting plugin AppleMoviePlayer
LogPluginManager: Mounting plugin ArchVisCharacter
LogPluginManager: Mounting plugin AssetTags
LogPluginManager: Mounting plugin AudioCapture
LogPluginManager: Mounting plugin CableComponent
LogPluginManager: Mounting plugin CustomMeshComponent
LogPluginManager: Mounting plugin EditableMesh
LogPluginManager: Mounting plugin ExampleDeviceProfileSelector
LogPluginManager: Mounting plugin GoogleCloudMessaging
LogPluginManager: Mounting plugin GooglePAD
LogPluginManager: Mounting plugin IOSDeviceProfileSelector
LogPluginManager: Mounting plugin LinuxDeviceProfileSelector
LogPluginManager: Mounting plugin LocationServicesBPLibrary
LogPluginManager: Mounting plugin MobilePatchingUtils
LogPluginManager: Mounting plugin OculusVR
LogPluginManager: Mounting plugin PhysXVehicles
LogPluginManager: Mounting plugin PostSplashScreen
LogPluginManager: Mounting plugin ProceduralMeshComponent
LogPluginManager: Mounting plugin RuntimePhysXCooking
LogPluginManager: Mounting plugin SignificanceManager
LogPluginManager: Mounting plugin SoundFields
LogPluginManager: Mounting plugin SteamVR
LogPluginManager: Mounting plugin Synthesis
LogPluginManager: Mounting plugin WebMMoviePlayer
LogPluginManager: Mounting plugin WindowsMoviePlayer
LogPluginManager: Mounting plugin ScreenshotTools
LogInit: Using libcurl 7.55.1-DEV
LogInit:  - built for x86_64-pc-win32
LogInit:  - supports SSL with OpenSSL/1.1.1
LogInit:  - supports HTTP deflate (compression) using libz 1.2.8
LogInit:  - other features:
LogInit:      CURL_VERSION_SSL
LogInit:      CURL_VERSION_LIBZ
LogInit:      CURL_VERSION_IPV6
LogInit:      CURL_VERSION_ASYNCHDNS
LogInit:      CURL_VERSION_LARGEFILE
LogInit:      CURL_VERSION_IDN
LogInit:  CurlRequestOptions (configurable via config and command line):
LogInit:  - bVerifyPeer = true  - Libcurl will verify peer certificate
LogInit:  - bUseHttpProxy = true  - Libcurl will use HTTP proxy
LogInit:  - HttpProxyAddress = '127.0.0.1:1081'
LogInit:  - bDontReuseConnections = false  - Libcurl will reuse connections
LogInit:  - MaxHostConnections = 16  - Libcurl will limit the number of connections to a host
LogInit:  - LocalHostAddr = Default
LogInit:  - BufferSize = 65536
LogOnline: OSS: Creating online subsystem instance for: NULL
LogInit: WinSock: version 1.1 (2.2), MaxSocks=32767, MaxUdp=65467
LogOnline: OSS: TryLoadSubsystemAndSetDefault: Loaded subsystem for module [NULL]
LogInit: Build: ++UE4+Release-4.25-CL-0
LogInit: Engine Version: 4.25.3-0+++UE4+Release-4.25
LogInit: Compatible Engine Version: 4.25.0-0+++UE4+Release-4.25
LogInit: Net CL: 0
LogInit: OS: Windows 10 (Release 1903) (), CPU: Intel(R) Core(TM) i7-6700K CPU @ 4.00GHz, GPU: Intel(R) HD Graphics 530
LogInit: Compiled (64-bit): Oct 12 2020 15:20:56
LogInit: Compiled with Visual C++: 19.27.29112.00
LogInit: Build Configuration: Development
LogInit: Branch Name: ++UE4+Release-4.25
LogInit: Command Line: 
LogInit: Base Directory: C:/UE4/UnrealEngine-4.25.3-release/Engine/Binaries/Win64/
LogInit: Allocator: TBB
LogInit: Installed Engine Build: 0
LogDevObjectVersion: Number of dev versions registered: 26
LogDevObjectVersion:   Dev-Blueprints (B0D832E4-1F89-4F0D-ACCF-7EB736FD4AA2): 10
LogDevObjectVersion:   Dev-Build (E1C64328-A22C-4D53-A36C-8E866417BD8C): 0
LogDevObjectVersion:   Dev-Core (375EC13C-06E4-48FB-B500-84F0262A717E): 4
LogDevObjectVersion:   Dev-Editor (E4B068ED-F494-42E9-A231-DA0B2E46BB41): 38
LogDevObjectVersion:   Dev-Framework (CFFC743F-43B0-4480-9391-14DF171D2073): 37
LogDevObjectVersion:   Dev-Mobile (B02B49B5-BB20-44E9-A304-32B752E40360): 2
LogDevObjectVersion:   Dev-Networking (A4E4105C-59A1-49B5-A7C5-40C4547EDFEE): 0
LogDevObjectVersion:   Dev-Online (39C831C9-5AE6-47DC-9A44-9C173E1C8E7C): 0
LogDevObjectVersion:   Dev-Physics (78F01B33-EBEA-4F98-B9B4-84EACCB95AA2): 4
LogDevObjectVersion:   Dev-Platform (6631380F-2D4D-43E0-8009-CF276956A95A): 0
LogDevObjectVersion:   Dev-Rendering (12F88B9F-8875-4AFC-A67C-D90C383ABD29): 43
LogDevObjectVersion:   Dev-Sequencer (7B5AE74C-D270-4C10-A958-57980B212A5A): 12
LogDevObjectVersion:   Dev-VR (D7296918-1DD6-4BDD-9DE2-64A83CC13884): 3
LogDevObjectVersion:   Dev-LoadTimes (C2A15278-BFE7-4AFE-6C17-90FF531DF755): 1
LogDevObjectVersion:   Private-Geometry (6EACA3D4-40EC-4CC1-B786-8BED09428FC5): 3
LogDevObjectVersion:   Dev-AnimPhys (29E575DD-E0A3-4627-9D10-D276232CDCEA): 17
LogDevObjectVersion:   Dev-Anim (AF43A65D-7FD3-4947-9873-3E8ED9C1BB05): 7
LogDevObjectVersion:   Dev-ReflectionCapture (6B266CEC-1EC7-4B8F-A30B-E4D90942FC07): 1
LogDevObjectVersion:   Dev-Automation (0DF73D61-A23F-47EA-B727-89E90C41499A): 1
LogDevObjectVersion:   FortniteMain (601D1886-AC64-4F84-AA16-D3DE0DEAC7D6): 31
LogDevObjectVersion:   Dev-Enterprise (9DFFBCD6-494F-0158-E221-12823C92A888): 10
LogDevObjectVersion:   Dev-Niagara (F2AED0AC-9AFE-416F-8664-AA7FFA26D6FC): 1
LogDevObjectVersion:   Dev-Destruction (174F1F0B-B4C6-45A5-B13F-2EE8D0FB917D): 10
LogDevObjectVersion:   Dev-Physics-Ext (35F94A83-E258-406C-A318-09F59610247C): 37
LogDevObjectVersion:   Dev-PhysicsMaterial-Chaos (B68FC16E-8B1B-42E2-B453-215C058844FE): 1
LogDevObjectVersion:   Dev-CineCamera (B2E18506-4273-CFC2-A54E-F4BB758BBA07): 1
LogInit: Presizing for max 25165824 objects, including 0 objects not considered by GC, pre-allocating 0 bytes for permanent pool.
LogConfig: Applying CVar settings from Section [/Script/Engine.StreamingSettings] File [C:/UnrealProject/FPS System/FPSSystee34f48bc7412V4/data/Saved/Config/Windows/Engine.ini]
LogConfig: Setting CVar [[s.MinBulkDataSizeForAsyncLoading:131072]]
LogConfig: Setting CVar [[s.AsyncLoadingThreadEnabled:0]]
LogConfig: Setting CVar [[s.EventDrivenLoaderEnabled:1]]
LogConfig: Setting CVar [[s.WarnIfTimeLimitExceeded:0]]
LogConfig: Setting CVar [[s.TimeLimitExceededMultiplier:1.5]]
LogConfig: Setting CVar [[s.TimeLimitExceededMinTime:0.005]]
LogConfig: Setting CVar [[s.UseBackgroundLevelStreaming:1]]
LogConfig: Setting CVar [[s.PriorityAsyncLoadingExtraTime:15.0]]
LogConfig: Setting CVar [[s.LevelStreamingActorsUpdateTimeLimit:5.0]]
LogConfig: Setting CVar [[s.PriorityLevelStreamingActorsUpdateExtraTime:5.0]]
LogConfig: Setting CVar [[s.LevelStreamingComponentsRegistrationGranularity:10]]
LogConfig: Setting CVar [[s.UnregisterComponentsTimeLimit:1.0]]
LogConfig: Setting CVar [[s.LevelStreamingComponentsUnregistrationGranularity:5]]
LogConfig: Setting CVar [[s.FlushStreamingOnExit:1]]
LogInit: Object subsystem initialized
LogConfig: Setting CVar [[con.DebugEarlyDefault:1]]
LogConfig: Setting CVar [[r.setres:1280x720]]
[2020.10.25-07.04.47:920][  0]LogConfig: Setting CVar [[r.VSync:0]]
[2020.10.25-07.04.47:920][  0]LogConfig: Setting CVar [[r.RHICmdBypass:0]]
[2020.10.25-07.04.47:921][  0]LogConfig: Applying CVar settings from Section [/Script/Engine.RendererSettings] File [C:/UnrealProject/FPS System/FPSSystee34f48bc7412V4/data/Saved/Config/Windows/Engine.ini]
[2020.10.25-07.04.47:921][  0]LogConfig: Setting CVar [[r.GPUCrashDebugging:0]]
[2020.10.25-07.04.47:921][  0]LogConfig: Setting CVar [[r.DefaultFeature.MotionBlur:0]]
[2020.10.25-07.04.47:921][  0]LogConfig: Applying CVar settings from Section [/Script/Engine.RendererOverrideSettings] File [C:/UnrealProject/FPS System/FPSSystee34f48bc7412V4/data/Saved/Config/Windows/Engine.ini]
[2020.10.25-07.04.47:921][  0]LogConfig: Applying CVar settings from Section [/Script/Engine.StreamingSettings] File [C:/UnrealProject/FPS System/FPSSystee34f48bc7412V4/data/Saved/Config/Windows/Engine.ini]
[2020.10.25-07.04.47:921][  0]LogConfig: Setting CVar [[s.MinBulkDataSizeForAsyncLoading:131072]]
[2020.10.25-07.04.47:921][  0]LogConfig: Setting CVar [[s.AsyncLoadingThreadEnabled:0]]
[2020.10.25-07.04.47:921][  0]LogConfig: Setting CVar [[s.EventDrivenLoaderEnabled:1]]
[2020.10.25-07.04.47:921][  0]LogConfig: Setting CVar [[s.WarnIfTimeLimitExceeded:0]]
[2020.10.25-07.04.47:921][  0]LogConfig: Setting CVar [[s.TimeLimitExceededMultiplier:1.5]]
[2020.10.25-07.04.47:921][  0]LogConfig: Setting CVar [[s.TimeLimitExceededMinTime:0.005]]
[2020.10.25-07.04.47:921][  0]LogConfig: Setting CVar [[s.UseBackgroundLevelStreaming:1]]
[2020.10.25-07.04.47:921][  0]LogConfig: Setting CVar [[s.PriorityAsyncLoadingExtraTime:15.0]]
[2020.10.25-07.04.47:921][  0]LogConfig: Setting CVar [[s.LevelStreamingActorsUpdateTimeLimit:5.0]]
[2020.10.25-07.04.47:921][  0]LogConfig: Setting CVar [[s.PriorityLevelStreamingActorsUpdateExtraTime:5.0]]
[2020.10.25-07.04.47:921][  0]LogConfig: Setting CVar [[s.LevelStreamingComponentsRegistrationGranularity:10]]
[2020.10.25-07.04.47:921][  0]LogConfig: Setting CVar [[s.UnregisterComponentsTimeLimit:1.0]]
[2020.10.25-07.04.47:921][  0]LogConfig: Setting CVar [[s.LevelStreamingComponentsUnregistrationGranularity:5]]
[2020.10.25-07.04.47:921][  0]LogConfig: Setting CVar [[s.FlushStreamingOnExit:1]]
[2020.10.25-07.04.47:921][  0]LogConfig: Applying CVar settings from Section [/Script/Engine.GarbageCollectionSettings] File [C:/UnrealProject/FPS System/FPSSystee34f48bc7412V4/data/Saved/Config/Windows/Engine.ini]
[2020.10.25-07.04.47:921][  0]LogConfig: Setting CVar [[gc.MaxObjectsNotConsideredByGC:1]]
[2020.10.25-07.04.47:921][  0]LogConfig: Setting CVar [[gc.SizeOfPermanentObjectPool:0]]
[2020.10.25-07.04.47:921][  0]LogConfig: Setting CVar [[gc.FlushStreamingOnGC:0]]
[2020.10.25-07.04.47:921][  0]LogConfig: Setting CVar [[gc.NumRetriesBeforeForcingGC:10]]
[2020.10.25-07.04.47:921][  0]LogConfig: Setting CVar [[gc.AllowParallelGC:1]]
[2020.10.25-07.04.47:921][  0]LogConfig: Setting CVar [[gc.TimeBetweenPurgingPendingKillObjects:61.1]]
[2020.10.25-07.04.47:921][  0]LogConfig: Setting CVar [[gc.MaxObjectsInEditor:25165824]]
[2020.10.25-07.04.47:921][  0]LogConfig: Setting CVar [[gc.IncrementalBeginDestroyEnabled:1]]
[2020.10.25-07.04.47:921][  0]LogConfig: Setting CVar [[gc.CreateGCClusters:1]]
[2020.10.25-07.04.47:921][  0]LogConfig: Setting CVar [[gc.MinGCClusterSize:5]]
[2020.10.25-07.04.47:921][  0]LogConfig: Setting CVar [[gc.ActorClusteringEnabled:0]]
[2020.10.25-07.04.47:921][  0]LogConfig: Setting CVar [[gc.BlueprintClusteringEnabled:0]]
[2020.10.25-07.04.47:921][  0]LogConfig: Setting CVar [[gc.UseDisregardForGCOnDedicatedServers:0]]
[2020.10.25-07.04.47:921][  0]LogConfig: Applying CVar settings from Section [/Script/Engine.NetworkSettings] File [C:/UnrealProject/FPS System/FPSSystee34f48bc7412V4/data/Saved/Config/Windows/Engine.ini]
[2020.10.25-07.04.47:921][  0]LogConfig: Applying CVar settings from Section [/Script/UnrealEd.CookerSettings] File [C:/UnrealProject/FPS System/FPSSystee34f48bc7412V4/data/Saved/Config/Windows/Engine.ini]
[2020.10.25-07.04.47:925][  0]LogConfig: Applying CVar settings from Section [ViewDistanceQuality@3] File [C:/UnrealProject/FPS System/FPSSystee34f48bc7412V4/data/Saved/Config/Windows/Scalability.ini]
[2020.10.25-07.04.47:925][  0]LogConfig: Setting CVar [[r.SkeletalMeshLODBias:0]]
[2020.10.25-07.04.47:925][  0]LogConfig: Setting CVar [[r.ViewDistanceScale:1.0]]
[2020.10.25-07.04.47:925][  0]LogConfig: Applying CVar settings from Section [AntiAliasingQuality@3] File [C:/UnrealProject/FPS System/FPSSystee34f48bc7412V4/data/Saved/Config/Windows/Scalability.ini]
[2020.10.25-07.04.47:925][  0]LogConfig: Setting CVar [[r.PostProcessAAQuality:4]]
[2020.10.25-07.04.47:925][  0]LogConfig: Applying CVar settings from Section [ShadowQuality@3] File [C:/UnrealProject/FPS System/FPSSystee34f48bc7412V4/data/Saved/Config/Windows/Scalability.ini]
[2020.10.25-07.04.47:925][  0]LogConfig: Setting CVar [[r.LightFunctionQuality:1]]
[2020.10.25-07.04.47:925][  0]LogConfig: Setting CVar [[r.ShadowQuality:5]]
[2020.10.25-07.04.47:925][  0]LogConfig: Setting CVar [[r.Shadow.CSM.MaxCascades:10]]
[2020.10.25-07.04.47:925][  0]LogConfig: Setting CVar [[r.Shadow.MaxResolution:2048]]
[2020.10.25-07.04.47:925][  0]LogConfig: Setting CVar [[r.Shadow.MaxCSMResolution:2048]]
[2020.10.25-07.04.47:925][  0]LogConfig: Setting CVar [[r.Shadow.RadiusThreshold:0.01]]
[2020.10.25-07.04.47:925][  0]LogConfig: Setting CVar [[r.Shadow.DistanceScale:1.0]]
[2020.10.25-07.04.47:925][  0]LogConfig: Setting CVar [[r.Shadow.CSM.TransitionScale:1.0]]
[2020.10.25-07.04.47:925][  0]LogConfig: Setting CVar [[r.Shadow.PreShadowResolutionFactor:1.0]]
[2020.10.25-07.04.47:925][  0]LogConfig: Setting CVar [[r.DistanceFieldShadowing:1]]
[2020.10.25-07.04.47:925][  0]LogConfig: Setting CVar [[r.DistanceFieldAO:1]]
[2020.10.25-07.04.47:925][  0]LogConfig: Setting CVar [[r.AOQuality:2]]
[2020.10.25-07.04.47:925][  0]LogConfig: Setting CVar [[r.VolumetricFog:1]]
[2020.10.25-07.04.47:925][  0]LogConfig: Setting CVar [[r.VolumetricFog.GridPixelSize:8]]
[2020.10.25-07.04.47:925][  0]LogConfig: Setting CVar [[r.VolumetricFog.GridSizeZ:128]]
[2020.10.25-07.04.47:925][  0]LogConfig: Setting CVar [[r.VolumetricFog.HistoryMissSupersampleCount:4]]
[2020.10.25-07.04.47:925][  0]LogConfig: Setting CVar [[r.LightMaxDrawDistanceScale:1]]
[2020.10.25-07.04.47:925][  0]LogConfig: Setting CVar [[r.CapsuleShadows:1]]
[2020.10.25-07.04.47:925][  0]LogConfig: Applying CVar settings from Section [PostProcessQuality@3] File [C:/UnrealProject/FPS System/FPSSystee34f48bc7412V4/data/Saved/Config/Windows/Scalability.ini]
[2020.10.25-07.04.47:925][  0]LogConfig: Setting CVar [[r.MotionBlurQuality:4]]
[2020.10.25-07.04.47:926][  0]LogConfig: Setting CVar [[r.AmbientOcclusionMipLevelFactor:0.4]]
[2020.10.25-07.04.47:926][  0]LogConfig: Setting CVar [[r.AmbientOcclusionMaxQuality:100]]
[2020.10.25-07.04.47:926][  0]LogConfig: Setting CVar [[r.AmbientOcclusionLevels:-1]]
[2020.10.25-07.04.47:926][  0]LogConfig: Setting CVar [[r.AmbientOcclusionRadiusScale:1.0]]
[2020.10.25-07.04.47:926][  0]LogConfig: Setting CVar [[r.DepthOfFieldQuality:2]]
[2020.10.25-07.04.47:926][  0]LogConfig: Setting CVar [[r.RenderTargetPoolMin:400]]
[2020.10.25-07.04.47:926][  0]LogConfig: Setting CVar [[r.LensFlareQuality:2]]
[2020.10.25-07.04.47:926][  0]LogConfig: Setting CVar [[r.SceneColorFringeQuality:1]]
[2020.10.25-07.04.47:926][  0]LogConfig: Setting CVar [[r.EyeAdaptationQuality:2]]
[2020.10.25-07.04.47:926][  0]LogConfig: Setting CVar [[r.BloomQuality:5]]
[2020.10.25-07.04.47:926][  0]LogConfig: Setting CVar [[r.FastBlurThreshold:100]]
[2020.10.25-07.04.47:926][  0]LogConfig: Setting CVar [[r.Upscale.Quality:3]]
[2020.10.25-07.04.47:926][  0]LogConfig: Setting CVar [[r.Tonemapper.GrainQuantization:1]]
[2020.10.25-07.04.47:926][  0]LogConfig: Setting CVar [[r.LightShaftQuality:1]]
[2020.10.25-07.04.47:926][  0]LogConfig: Setting CVar [[r.Filter.SizeScale:1]]
[2020.10.25-07.04.47:926][  0]LogConfig: Setting CVar [[r.Tonemapper.Quality:5]]
[2020.10.25-07.04.47:926][  0]LogConfig: Setting CVar [[r.DOF.Gather.AccumulatorQuality:1        ; higher gathering accumulator quality]]
[2020.10.25-07.04.47:926][  0]LogConfig: Setting CVar [[r.DOF.Gather.PostfilterMethod:1          ; Median3x3 postfilering method]]
[2020.10.25-07.04.47:926][  0]LogConfig: Setting CVar [[r.DOF.Gather.EnableBokehSettings:0       ; no bokeh simulation when gathering]]
[2020.10.25-07.04.47:926][  0]LogConfig: Setting CVar [[r.DOF.Gather.RingCount:4                 ; medium number of samples when gathering]]
[2020.10.25-07.04.47:926][  0]LogConfig: Setting CVar [[r.DOF.Scatter.ForegroundCompositing:1    ; additive foreground scattering]]
[2020.10.25-07.04.47:926][  0]LogConfig: Setting CVar [[r.DOF.Scatter.BackgroundCompositing:2    ; additive background scattering]]
[2020.10.25-07.04.47:926][  0]LogConfig: Setting CVar [[r.DOF.Scatter.EnableBokehSettings:1      ; bokeh simulation when scattering]]
[2020.10.25-07.04.47:926][  0]LogConfig: Setting CVar [[r.DOF.Scatter.MaxSpriteRatio:0.1         ; only a maximum of 10% of scattered bokeh]]
[2020.10.25-07.04.47:926][  0]LogConfig: Setting CVar [[r.DOF.Recombine.Quality:1                ; cheap slight out of focus]]
[2020.10.25-07.04.47:926][  0]LogConfig: Setting CVar [[r.DOF.Recombine.EnableBokehSettings:0    ; no bokeh simulation on slight out of focus]]
[2020.10.25-07.04.47:926][  0]LogConfig: Setting CVar [[r.DOF.TemporalAAQuality:1                ; more stable temporal accumulation]]
[2020.10.25-07.04.47:926][  0]LogConfig: Setting CVar [[r.DOF.Kernel.MaxForegroundRadius:0.025]]
[2020.10.25-07.04.47:926][  0]LogConfig: Setting CVar [[r.DOF.Kernel.MaxBackgroundRadius:0.025]]
[2020.10.25-07.04.47:926][  0]LogConfig: Applying CVar settings from Section [TextureQuality@3] File [C:/UnrealProject/FPS System/FPSSystee34f48bc7412V4/data/Saved/Config/Windows/Scalability.ini]
[2020.10.25-07.04.47:926][  0]LogConfig: Setting CVar [[r.Streaming.MipBias:0]]
[2020.10.25-07.04.47:926][  0]LogConfig: Setting CVar [[r.Streaming.AmortizeCPUToGPUCopy:0]]
[2020.10.25-07.04.47:926][  0]LogConfig: Setting CVar [[r.Streaming.MaxNumTexturesToStreamPerFrame:0]]
[2020.10.25-07.04.47:926][  0]LogConfig: Setting CVar [[r.Streaming.Boost:1]]
[2020.10.25-07.04.47:926][  0]LogConfig: Setting CVar [[r.MaxAnisotropy:8]]
[2020.10.25-07.04.47:926][  0]LogConfig: Setting CVar [[r.VT.MaxAnisotropy:8]]
[2020.10.25-07.04.47:926][  0]LogConfig: Setting CVar [[r.Streaming.LimitPoolSizeToVRAM:0]]
[2020.10.25-07.04.47:926][  0]LogConfig: Setting CVar [[r.Streaming.PoolSize:1000]]
[2020.10.25-07.04.47:926][  0]LogConfig: Setting CVar [[r.Streaming.MaxEffectiveScreenSize:0]]
[2020.10.25-07.04.47:926][  0]LogConfig: Applying CVar settings from Section [EffectsQuality@3] File [C:/UnrealProject/FPS System/FPSSystee34f48bc7412V4/data/Saved/Config/Windows/Scalability.ini]
[2020.10.25-07.04.47:926][  0]LogConfig: Setting CVar [[r.TranslucencyLightingVolumeDim:64]]
[2020.10.25-07.04.47:926][  0]LogConfig: Setting CVar [[r.RefractionQuality:2]]
[2020.10.25-07.04.47:926][  0]LogConfig: Setting CVar [[r.SSR.Quality:3]]
[2020.10.25-07.04.47:926][  0]LogConfig: Setting CVar [[r.SSR.HalfResSceneColor:0]]
[2020.10.25-07.04.47:926][  0]LogConfig: Setting CVar [[r.SceneColorFormat:4]]
[2020.10.25-07.04.47:926][  0]LogConfig: Setting CVar [[r.DetailMode:2]]
[2020.10.25-07.04.47:926][  0]LogConfig: Setting CVar [[r.TranslucencyVolumeBlur:1]]
[2020.10.25-07.04.47:926][  0]LogConfig: Setting CVar [[r.MaterialQualityLevel:1 ; High quality]]
[2020.10.25-07.04.47:926][  0]LogConfig: Setting CVar [[r.SSS.Scale:1]]
[2020.10.25-07.04.47:926][  0]LogConfig: Setting CVar [[r.SSS.SampleSet:2]]
[2020.10.25-07.04.47:926][  0]LogConfig: Setting CVar [[r.SSS.Quality:1]]
[2020.10.25-07.04.47:926][  0]LogConfig: Setting CVar [[r.SSS.HalfRes:0]]
[2020.10.25-07.04.47:926][  0]LogConfig: Setting CVar [[r.SSGI.Quality:3]]
[2020.10.25-07.04.47:926][  0]LogConfig: Setting CVar [[r.EmitterSpawnRateScale:1.0]]
[2020.10.25-07.04.47:926][  0]LogConfig: Setting CVar [[r.ParticleLightQuality:2]]
[2020.10.25-07.04.47:926][  0]LogConfig: Setting CVar [[r.SkyAtmosphere.AerialPerspectiveLUT.FastApplyOnOpaque:1 ; Always have FastSkyLUT 1 in this case to avoid wrong sky]]
[2020.10.25-07.04.47:926][  0]LogConfig: Setting CVar [[r.SkyAtmosphere.AerialPerspectiveLUT.SampleCountPerSlice:1]]
[2020.10.25-07.04.47:926][  0]LogConfig: Setting CVar [[r.SkyAtmosphere.AerialPerspectiveLUT.DepthResolution:16.0]]
[2020.10.25-07.04.47:926][  0]LogConfig: Setting CVar [[r.SkyAtmosphere.FastSkyLUT:1]]
[2020.10.25-07.04.47:926][  0]LogConfig: Setting CVar [[r.SkyAtmosphere.FastSkyLUT.SampleCountMin:4.0]]
[2020.10.25-07.04.47:926][  0]LogConfig: Setting CVar [[r.SkyAtmosphere.FastSkyLUT.SampleCountMax:32.0]]
[2020.10.25-07.04.47:926][  0]LogConfig: Setting CVar [[r.SkyAtmosphere.SampleCountMin:4.0]]
[2020.10.25-07.04.47:926][  0]LogConfig: Setting CVar [[r.SkyAtmosphere.SampleCountMax:32.0]]
[2020.10.25-07.04.47:926][  0]LogConfig: Setting CVar [[r.SkyAtmosphere.TransmittanceLUT.UseSmallFormat:0]]
[2020.10.25-07.04.47:926][  0]LogConfig: Setting CVar [[r.SkyAtmosphere.TransmittanceLUT.SampleCount:10.0]]
[2020.10.25-07.04.47:926][  0]LogConfig: Setting CVar [[r.SkyAtmosphere.MultiScatteringLUT.SampleCount:15.0]]
[2020.10.25-07.04.47:926][  0]LogConfig: Applying CVar settings from Section [FoliageQuality@3] File [C:/UnrealProject/FPS System/FPSSystee34f48bc7412V4/data/Saved/Config/Windows/Scalability.ini]
[2020.10.25-07.04.47:926][  0]LogConfig: Setting CVar [[foliage.DensityScale:1.0]]
[2020.10.25-07.04.47:926][  0]LogConfig: Setting CVar [[grass.DensityScale:1.0]]
[2020.10.25-07.04.47:926][  0]LogConfig: Applying CVar settings from Section [ShadingQuality@3] File [C:/UnrealProject/FPS System/FPSSystee34f48bc7412V4/data/Saved/Config/Windows/Scalability.ini]
[2020.10.25-07.04.47:926][  0]LogConfig: Setting CVar [[r.HairStrands.SkyLighting.SampleCount:16]]
[2020.10.25-07.04.47:926][  0]LogConfig: Setting CVar [[r.HairStrands.SkyLighting.JitterIntegration:0]]
[2020.10.25-07.04.47:926][  0]LogConfig: Setting CVar [[r.HairStrands.SkyAO.SampleCount:16]]
[2020.10.25-07.04.47:926][  0]LogConfig: Setting CVar [[r.HairStrands.DeepShadow.SuperSampling:0]]
[2020.10.25-07.04.47:926][  0]LogConfig: Setting CVar [[r.HairStrands.VisibilityPPLL:0]]
[2020.10.25-07.04.47:926][  0]LogConfig: Setting CVar [[r.HairStrands.RasterizationScale:0.5]]
[2020.10.25-07.04.47:927][  0]LogConfig: Setting CVar [[r.HairStrands.VelocityRasterizationScale:1]]
[2020.10.25-07.04.47:927][  0]LogInit: Selected Device Profile: [Windows]
[2020.10.25-07.04.47:927][  0]LogInit: Applying CVar settings loaded from the selected device profile: [Windows]
[2020.10.25-07.04.47:927][  0]LogHAL: Display: Platform has ~ 32 GB [34228842496 / 34359738368 / 32], which maps to Largest [LargestMinGB=32, LargerMinGB=12, DefaultMinGB=8, SmallerMinGB=6, SmallestMinGB=0)
[2020.10.25-07.04.47:927][  0]LogInit: Going up to parent DeviceProfile []
[2020.10.25-07.04.47:927][  0]LogConfig: Applying CVar settings from Section [ViewDistanceQuality@3] File [C:/UnrealProject/FPS System/FPSSystee34f48bc7412V4/data/Saved/Config/Windows/Scalability.ini]
[2020.10.25-07.04.47:927][  0]LogConfig: Setting CVar [[r.SkeletalMeshLODBias:0]]
[2020.10.25-07.04.47:927][  0]LogConfig: Setting CVar [[r.ViewDistanceScale:1.0]]
[2020.10.25-07.04.47:927][  0]LogConfig: Applying CVar settings from Section [AntiAliasingQuality@3] File [C:/UnrealProject/FPS System/FPSSystee34f48bc7412V4/data/Saved/Config/Windows/Scalability.ini]
[2020.10.25-07.04.47:927][  0]LogConfig: Setting CVar [[r.PostProcessAAQuality:4]]
[2020.10.25-07.04.47:927][  0]LogConfig: Applying CVar settings from Section [ShadowQuality@3] File [C:/UnrealProject/FPS System/FPSSystee34f48bc7412V4/data/Saved/Config/Windows/Scalability.ini]
[2020.10.25-07.04.47:927][  0]LogConfig: Setting CVar [[r.LightFunctionQuality:1]]
[2020.10.25-07.04.47:927][  0]LogConfig: Setting CVar [[r.ShadowQuality:5]]
[2020.10.25-07.04.47:927][  0]LogConfig: Setting CVar [[r.Shadow.CSM.MaxCascades:10]]
[2020.10.25-07.04.47:927][  0]LogConfig: Setting CVar [[r.Shadow.MaxResolution:2048]]
[2020.10.25-07.04.47:927][  0]LogConfig: Setting CVar [[r.Shadow.MaxCSMResolution:2048]]
[2020.10.25-07.04.47:927][  0]LogConfig: Setting CVar [[r.Shadow.RadiusThreshold:0.01]]
[2020.10.25-07.04.47:927][  0]LogConfig: Setting CVar [[r.Shadow.DistanceScale:1.0]]
[2020.10.25-07.04.47:927][  0]LogConfig: Setting CVar [[r.Shadow.CSM.TransitionScale:1.0]]
[2020.10.25-07.04.47:927][  0]LogConfig: Setting CVar [[r.Shadow.PreShadowResolutionFactor:1.0]]
[2020.10.25-07.04.47:927][  0]LogConfig: Setting CVar [[r.DistanceFieldShadowing:1]]
[2020.10.25-07.04.47:927][  0]LogConfig: Setting CVar [[r.DistanceFieldAO:1]]
[2020.10.25-07.04.47:927][  0]LogConfig: Setting CVar [[r.AOQuality:2]]
[2020.10.25-07.04.47:927][  0]LogConfig: Setting CVar [[r.VolumetricFog:1]]
[2020.10.25-07.04.47:927][  0]LogConfig: Setting CVar [[r.VolumetricFog.GridPixelSize:8]]
[2020.10.25-07.04.47:927][  0]LogConfig: Setting CVar [[r.VolumetricFog.GridSizeZ:128]]
[2020.10.25-07.04.47:927][  0]LogConfig: Setting CVar [[r.VolumetricFog.HistoryMissSupersampleCount:4]]
[2020.10.25-07.04.47:927][  0]LogConfig: Setting CVar [[r.LightMaxDrawDistanceScale:1]]
[2020.10.25-07.04.47:927][  0]LogConfig: Setting CVar [[r.CapsuleShadows:1]]
[2020.10.25-07.04.47:927][  0]LogConfig: Applying CVar settings from Section [PostProcessQuality@3] File [C:/UnrealProject/FPS System/FPSSystee34f48bc7412V4/data/Saved/Config/Windows/Scalability.ini]
[2020.10.25-07.04.47:927][  0]LogConfig: Setting CVar [[r.MotionBlurQuality:4]]
[2020.10.25-07.04.47:927][  0]LogConfig: Setting CVar [[r.AmbientOcclusionMipLevelFactor:0.4]]
[2020.10.25-07.04.47:927][  0]LogConfig: Setting CVar [[r.AmbientOcclusionMaxQuality:100]]
[2020.10.25-07.04.47:927][  0]LogConfig: Setting CVar [[r.AmbientOcclusionLevels:-1]]
[2020.10.25-07.04.47:927][  0]LogConfig: Setting CVar [[r.AmbientOcclusionRadiusScale:1.0]]
[2020.10.25-07.04.47:927][  0]LogConfig: Setting CVar [[r.DepthOfFieldQuality:2]]
[2020.10.25-07.04.47:927][  0]LogConfig: Setting CVar [[r.RenderTargetPoolMin:400]]
[2020.10.25-07.04.47:927][  0]LogConfig: Setting CVar [[r.LensFlareQuality:2]]
[2020.10.25-07.04.47:927][  0]LogConfig: Setting CVar [[r.SceneColorFringeQuality:1]]
[2020.10.25-07.04.47:927][  0]LogConfig: Setting CVar [[r.EyeAdaptationQuality:2]]
[2020.10.25-07.04.47:927][  0]LogConfig: Setting CVar [[r.BloomQuality:5]]
[2020.10.25-07.04.47:927][  0]LogConfig: Setting CVar [[r.FastBlurThreshold:100]]
[2020.10.25-07.04.47:927][  0]LogConfig: Setting CVar [[r.Upscale.Quality:3]]
[2020.10.25-07.04.47:927][  0]LogConfig: Setting CVar [[r.Tonemapper.GrainQuantization:1]]
[2020.10.25-07.04.47:927][  0]LogConfig: Setting CVar [[r.LightShaftQuality:1]]
[2020.10.25-07.04.47:927][  0]LogConfig: Setting CVar [[r.Filter.SizeScale:1]]
[2020.10.25-07.04.47:927][  0]LogConfig: Setting CVar [[r.Tonemapper.Quality:5]]
[2020.10.25-07.04.47:927][  0]LogConfig: Setting CVar [[r.DOF.Gather.AccumulatorQuality:1        ; higher gathering accumulator quality]]
[2020.10.25-07.04.47:927][  0]LogConfig: Setting CVar [[r.DOF.Gather.PostfilterMethod:1          ; Median3x3 postfilering method]]
[2020.10.25-07.04.47:927][  0]LogConfig: Setting CVar [[r.DOF.Gather.EnableBokehSettings:0       ; no bokeh simulation when gathering]]
[2020.10.25-07.04.47:927][  0]LogConfig: Setting CVar [[r.DOF.Gather.RingCount:4                 ; medium number of samples when gathering]]
[2020.10.25-07.04.47:927][  0]LogConfig: Setting CVar [[r.DOF.Scatter.ForegroundCompositing:1    ; additive foreground scattering]]
[2020.10.25-07.04.47:927][  0]LogConfig: Setting CVar [[r.DOF.Scatter.BackgroundCompositing:2    ; additive background scattering]]
[2020.10.25-07.04.47:927][  0]LogConfig: Setting CVar [[r.DOF.Scatter.EnableBokehSettings:1      ; bokeh simulation when scattering]]
[2020.10.25-07.04.47:927][  0]LogConfig: Setting CVar [[r.DOF.Scatter.MaxSpriteRatio:0.1         ; only a maximum of 10% of scattered bokeh]]
[2020.10.25-07.04.47:927][  0]LogConfig: Setting CVar [[r.DOF.Recombine.Quality:1                ; cheap slight out of focus]]
[2020.10.25-07.04.47:927][  0]LogConfig: Setting CVar [[r.DOF.Recombine.EnableBokehSettings:0    ; no bokeh simulation on slight out of focus]]
[2020.10.25-07.04.47:927][  0]LogConfig: Setting CVar [[r.DOF.TemporalAAQuality:1                ; more stable temporal accumulation]]
[2020.10.25-07.04.47:927][  0]LogConfig: Setting CVar [[r.DOF.Kernel.MaxForegroundRadius:0.025]]
[2020.10.25-07.04.47:927][  0]LogConfig: Setting CVar [[r.DOF.Kernel.MaxBackgroundRadius:0.025]]
[2020.10.25-07.04.47:927][  0]LogConfig: Applying CVar settings from Section [TextureQuality@3] File [C:/UnrealProject/FPS System/FPSSystee34f48bc7412V4/data/Saved/Config/Windows/Scalability.ini]
[2020.10.25-07.04.47:927][  0]LogConfig: Setting CVar [[r.Streaming.MipBias:0]]
[2020.10.25-07.04.47:927][  0]LogConfig: Setting CVar [[r.Streaming.AmortizeCPUToGPUCopy:0]]
[2020.10.25-07.04.47:927][  0]LogConfig: Setting CVar [[r.Streaming.MaxNumTexturesToStreamPerFrame:0]]
[2020.10.25-07.04.47:927][  0]LogConfig: Setting CVar [[r.Streaming.Boost:1]]
[2020.10.25-07.04.47:927][  0]LogConfig: Setting CVar [[r.MaxAnisotropy:8]]
[2020.10.25-07.04.47:928][  0]LogConfig: Setting CVar [[r.VT.MaxAnisotropy:8]]
[2020.10.25-07.04.47:928][  0]LogConfig: Setting CVar [[r.Streaming.LimitPoolSizeToVRAM:0]]
[2020.10.25-07.04.47:928][  0]LogConfig: Setting CVar [[r.Streaming.PoolSize:1000]]
[2020.10.25-07.04.47:928][  0]LogConfig: Setting CVar [[r.Streaming.MaxEffectiveScreenSize:0]]
[2020.10.25-07.04.47:928][  0]LogConfig: Applying CVar settings from Section [EffectsQuality@3] File [C:/UnrealProject/FPS System/FPSSystee34f48bc7412V4/data/Saved/Config/Windows/Scalability.ini]
[2020.10.25-07.04.47:928][  0]LogConfig: Setting CVar [[r.TranslucencyLightingVolumeDim:64]]
[2020.10.25-07.04.47:928][  0]LogConfig: Setting CVar [[r.RefractionQuality:2]]
[2020.10.25-07.04.47:928][  0]LogConfig: Setting CVar [[r.SSR.Quality:3]]
[2020.10.25-07.04.47:928][  0]LogConfig: Setting CVar [[r.SSR.HalfResSceneColor:0]]
[2020.10.25-07.04.47:928][  0]LogConfig: Setting CVar [[r.SceneColorFormat:4]]
[2020.10.25-07.04.47:928][  0]LogConfig: Setting CVar [[r.DetailMode:2]]
[2020.10.25-07.04.47:928][  0]LogConfig: Setting CVar [[r.TranslucencyVolumeBlur:1]]
[2020.10.25-07.04.47:928][  0]LogConfig: Setting CVar [[r.MaterialQualityLevel:1 ; High quality]]
[2020.10.25-07.04.47:928][  0]LogConfig: Setting CVar [[r.SSS.Scale:1]]
[2020.10.25-07.04.47:928][  0]LogConfig: Setting CVar [[r.SSS.SampleSet:2]]
[2020.10.25-07.04.47:928][  0]LogConfig: Setting CVar [[r.SSS.Quality:1]]
[2020.10.25-07.04.47:928][  0]LogConfig: Setting CVar [[r.SSS.HalfRes:0]]
[2020.10.25-07.04.47:928][  0]LogConfig: Setting CVar [[r.SSGI.Quality:3]]
[2020.10.25-07.04.47:928][  0]LogConfig: Setting CVar [[r.EmitterSpawnRateScale:1.0]]
[2020.10.25-07.04.47:928][  0]LogConfig: Setting CVar [[r.ParticleLightQuality:2]]
[2020.10.25-07.04.47:928][  0]LogConfig: Setting CVar [[r.SkyAtmosphere.AerialPerspectiveLUT.FastApplyOnOpaque:1 ; Always have FastSkyLUT 1 in this case to avoid wrong sky]]
[2020.10.25-07.04.47:928][  0]LogConfig: Setting CVar [[r.SkyAtmosphere.AerialPerspectiveLUT.SampleCountPerSlice:1]]
[2020.10.25-07.04.47:928][  0]LogConfig: Setting CVar [[r.SkyAtmosphere.AerialPerspectiveLUT.DepthResolution:16.0]]
[2020.10.25-07.04.47:928][  0]LogConfig: Setting CVar [[r.SkyAtmosphere.FastSkyLUT:1]]
[2020.10.25-07.04.47:928][  0]LogConfig: Setting CVar [[r.SkyAtmosphere.FastSkyLUT.SampleCountMin:4.0]]
[2020.10.25-07.04.47:928][  0]LogConfig: Setting CVar [[r.SkyAtmosphere.FastSkyLUT.SampleCountMax:32.0]]
[2020.10.25-07.04.47:928][  0]LogConfig: Setting CVar [[r.SkyAtmosphere.SampleCountMin:4.0]]
[2020.10.25-07.04.47:928][  0]LogConfig: Setting CVar [[r.SkyAtmosphere.SampleCountMax:32.0]]
[2020.10.25-07.04.47:928][  0]LogConfig: Setting CVar [[r.SkyAtmosphere.TransmittanceLUT.UseSmallFormat:0]]
[2020.10.25-07.04.47:928][  0]LogConfig: Setting CVar [[r.SkyAtmosphere.TransmittanceLUT.SampleCount:10.0]]
[2020.10.25-07.04.47:928][  0]LogConfig: Setting CVar [[r.SkyAtmosphere.MultiScatteringLUT.SampleCount:15.0]]
[2020.10.25-07.04.47:928][  0]LogConfig: Applying CVar settings from Section [FoliageQuality@3] File [C:/UnrealProject/FPS System/FPSSystee34f48bc7412V4/data/Saved/Config/Windows/Scalability.ini]
[2020.10.25-07.04.47:928][  0]LogConfig: Setting CVar [[foliage.DensityScale:1.0]]
[2020.10.25-07.04.47:928][  0]LogConfig: Setting CVar [[grass.DensityScale:1.0]]
[2020.10.25-07.04.47:928][  0]LogConfig: Applying CVar settings from Section [ShadingQuality@3] File [C:/UnrealProject/FPS System/FPSSystee34f48bc7412V4/data/Saved/Config/Windows/Scalability.ini]
[2020.10.25-07.04.47:928][  0]LogConfig: Setting CVar [[r.HairStrands.SkyLighting.SampleCount:16]]
[2020.10.25-07.04.47:928][  0]LogConfig: Setting CVar [[r.HairStrands.SkyLighting.JitterIntegration:0]]
[2020.10.25-07.04.47:928][  0]LogConfig: Setting CVar [[r.HairStrands.SkyAO.SampleCount:16]]
[2020.10.25-07.04.47:928][  0]LogConfig: Setting CVar [[r.HairStrands.DeepShadow.SuperSampling:0]]
[2020.10.25-07.04.47:928][  0]LogConfig: Setting CVar [[r.HairStrands.VisibilityPPLL:0]]
[2020.10.25-07.04.47:928][  0]LogConfig: Setting CVar [[r.HairStrands.RasterizationScale:0.5]]
[2020.10.25-07.04.47:928][  0]LogConfig: Setting CVar [[r.HairStrands.VelocityRasterizationScale:1]]
[2020.10.25-07.04.47:928][  0]LogConfig: Applying CVar settings from Section [Startup] File [../../../Engine/Config/ConsoleVariables.ini]
[2020.10.25-07.04.47:928][  0]LogConfig: Setting CVar [[net.UseAdaptiveNetUpdateFrequency:0]]
[2020.10.25-07.04.47:928][  0]LogConfig: Setting CVar [[p.chaos.AllowCreatePhysxBodies:1]]
[2020.10.25-07.04.47:928][  0]LogConfig: Setting CVar [[fx.SkipVectorVMBackendOptimizations:1]]
[2020.10.25-07.04.47:928][  0]LogConfig: Applying CVar settings from Section [ConsoleVariables] File [C:/UnrealProject/FPS System/FPSSystee34f48bc7412V4/data/Saved/Config/Windows/Engine.ini]
[2020.10.25-07.04.47:928][  0]LogInit: Computer: DESKTOP-1BU0DRF
[2020.10.25-07.04.47:928][  0]LogInit: User: 邓佳颖
[2020.10.25-07.04.47:928][  0]LogInit: CPU Page size=4096, Cores=4
[2020.10.25-07.04.47:928][  0]LogInit: High frequency timer resolution =10.000000 MHz
[2020.10.25-07.04.47:929][  0]LogMemory: Memory total: Physical=31.9GB (32GB approx)
[2020.10.25-07.04.47:929][  0]LogMemory: Platform Memory Stats for Windows
[2020.10.25-07.04.47:929][  0]LogMemory: Process Physical Memory: 112.89 MB used, 112.89 MB peak
[2020.10.25-07.04.47:929][  0]LogMemory: Process Virtual Memory: 94.64 MB used, 94.64 MB peak
[2020.10.25-07.04.47:929][  0]LogMemory: Physical Memory: 13002.29 MB used,  19640.88 MB free, 32643.17 MB total
[2020.10.25-07.04.47:929][  0]LogMemory: Virtual Memory: 5143.81 MB used,  134212584.00 MB free, 134217728.00 MB total
[2020.10.25-07.04.47:934][  0]LogWindows: WindowsPlatformFeatures enabled
[2020.10.25-07.04.47:958][  0]LogInit: Physics initialised using underlying interface: PhysX
[2020.10.25-07.04.47:959][  0]LogInit: Using OS detected language (zh-CN).
[2020.10.25-07.04.47:959][  0]LogInit: Using OS detected locale (zh-CN).
[2020.10.25-07.04.47:962][  0]LogTextLocalizationManager: No specific localization for 'zh-CN' exists, so the 'zh-Hans' localization will be used.
[2020.10.25-07.04.48:062][  0]LogTextLocalizationResource: LocRes '../../../Engine/Content/Localization/Editor/zh/Editor.locres' could not be opened for reading!
[2020.10.25-07.04.48:062][  0]LogTextLocalizationResource: LocRes '../../../Engine/Content/Localization/EditorTutorials/zh/EditorTutorials.locres' could not be opened for reading!
[2020.10.25-07.04.48:062][  0]LogTextLocalizationResource: LocRes '../../../Engine/Content/Localization/Keywords/zh/Keywords.locres' could not be opened for reading!
[2020.10.25-07.04.48:062][  0]LogTextLocalizationResource: LocRes '../../../Engine/Content/Localization/Category/zh/Category.locres' could not be opened for reading!
[2020.10.25-07.04.48:063][  0]LogTextLocalizationResource: LocRes '../../../Engine/Content/Localization/ToolTips/zh/ToolTips.locres' could not be opened for reading!
[2020.10.25-07.04.48:063][  0]LogTextLocalizationResource: LocRes '../../../Engine/Content/Localization/PropertyNames/zh/PropertyNames.locres' could not be opened for reading!
[2020.10.25-07.04.48:063][  0]LogTextLocalizationResource: LocRes '../../../Engine/Content/Localization/Engine/zh/Engine.locres' could not be opened for reading!
[2020.10.25-07.04.48:063][  0]LogTextLocalizationResource: LocRes '../../../Engine/Plugins/Online/Android/OnlineSubsystemGooglePlay/Content/Localization/OnlineSubsystemGooglePlay/zh/OnlineSubsystemGooglePlay.locres' could not be opened for reading!
[2020.10.25-07.04.48:063][  0]LogTextLocalizationResource: LocRes '../../../Engine/Plugins/Online/IOS/OnlineSubsystemIOS/Content/Localization/OnlineSubsystemIOS/zh/OnlineSubsystemIOS.locres' could not be opened for reading!
[2020.10.25-07.04.48:063][  0]LogTextLocalizationResource: LocRes '../../../Engine/Plugins/Online/OnlineSubsystem/Content/Localization/OnlineSubsystem/zh/OnlineSubsystem.locres' could not be opened for reading!
[2020.10.25-07.04.48:063][  0]LogTextLocalizationResource: LocRes '../../../Engine/Plugins/Online/OnlineSubsystemUtils/Content/Localization/OnlineSubsystemUtils/zh/OnlineSubsystemUtils.locres' could not be opened for reading!
[2020.10.25-07.04.48:113][  0]LogInit: Setting process to per monitor DPI aware
[2020.10.25-07.04.48:151][  0]LogSlate: New Slate User Created.  User Index 0, Is Virtual User: 0
[2020.10.25-07.04.48:151][  0]LogSlate: Slate User Registered.  User Index 0, Is Virtual User: 0
[2020.10.25-07.04.48:286][  0]LogHMD: Failed to initialize OpenVR with code 110
[2020.10.25-07.04.48:286][  0]LogD3D11RHI: D3D11 min allowed feature level: 11_0
[2020.10.25-07.04.48:286][  0]LogD3D11RHI: D3D11 max allowed feature level: 11_0
[2020.10.25-07.04.48:286][  0]LogD3D11RHI: D3D11 adapters:
[2020.10.25-07.04.48:325][  0]LogD3D11RHI:    0. 'Intel(R) HD Graphics 530' (Feature Level 11_0)
[2020.10.25-07.04.48:325][  0]LogD3D11RHI:       128/0/16321 MB DedicatedVideo/DedicatedSystem/SharedSystem, Outputs:2, VendorId:0x8086
[2020.10.25-07.04.48:328][  0]LogD3D11RHI:    1. 'Microsoft Basic Render Driver' (Feature Level 11_0)
[2020.10.25-07.04.48:328][  0]LogD3D11RHI:       0/0/16321 MB DedicatedVideo/DedicatedSystem/SharedSystem, Outputs:0, VendorId:0x1414
[2020.10.25-07.04.48:328][  0]LogD3D11RHI: Chosen D3D11 Adapter: 0
[2020.10.25-07.04.48:345][  0]LogD3D11RHI: Creating new Direct3DDevice
[2020.10.25-07.04.48:345][  0]LogD3D11RHI:     GPU DeviceId: 0x1912 (for the marketing name, search the web for "GPU Device Id")
[2020.10.25-07.04.48:345][  0]LogWindows: EnumDisplayDevices:
[2020.10.25-07.04.48:345][  0]LogWindows:    0. 'Intel(R) HD Graphics 530' (P:1 D:1)
[2020.10.25-07.04.48:345][  0]LogWindows:    1. 'Intel(R) HD Graphics 530' (P:0 D:1)
[2020.10.25-07.04.48:346][  0]LogWindows:    2. 'Intel(R) HD Graphics 530' (P:0 D:0)
[2020.10.25-07.04.48:346][  0]LogWindows: DebugString: FoundDriverCount:3 
[2020.10.25-07.04.48:346][  0]LogD3D11RHI:     Adapter Name: Intel(R) HD Graphics 530
[2020.10.25-07.04.48:346][  0]LogD3D11RHI:   Driver Version: 27.20.100.7989 (internal:27.20.100.7989, unified:27.20.100.7989)
[2020.10.25-07.04.48:346][  0]LogD3D11RHI:      Driver Date: 6-5-2020
[2020.10.25-07.04.48:346][  0]LogRHI: Texture pool is 1523 MB (70% of 2176 MB)
[2020.10.25-07.04.48:390][  0]LogD3D11RHI: RHI does not have support for 64 bit atomics
[2020.10.25-07.04.48:390][  0]LogD3D11RHI: [IntelMetricsDiscovery] Started
[2020.10.25-07.04.48:390][  0]LogD3D11RHI: Async texture creation enabled
[2020.10.25-07.04.48:390][  0]LogD3D11RHI: Array index from any shader is supported
[2020.10.25-07.04.48:397][  0]LogD3D11RHI: GPU Timing Frequency: 12.000048 (Debug: 2 0)
[2020.10.25-07.04.48:606][  0]LogTargetPlatformManager: Display: Loaded TargetPlatform 'AllDesktop'
[2020.10.25-07.04.48:624][  0]LogTargetPlatformManager: Display: Loaded TargetPlatform 'Android'
[2020.10.25-07.04.48:624][  0]LogTargetPlatformManager: Display: Loaded TargetPlatform 'Android_ASTC'
[2020.10.25-07.04.48:624][  0]LogTargetPlatformManager: Display: Loaded TargetPlatform 'Android_DXT'
[2020.10.25-07.04.48:624][  0]LogTargetPlatformManager: Display: Loaded TargetPlatform 'Android_ETC2'
[2020.10.25-07.04.48:624][  0]LogTargetPlatformManager: Display: Loaded TargetPlatform 'AndroidClient'
[2020.10.25-07.04.48:624][  0]LogTargetPlatformManager: Display: Loaded TargetPlatform 'Android_ASTCClient'
[2020.10.25-07.04.48:624][  0]LogTargetPlatformManager: Display: Loaded TargetPlatform 'Android_DXTClient'
[2020.10.25-07.04.48:624][  0]LogTargetPlatformManager: Display: Loaded TargetPlatform 'Android_ETC2Client'
[2020.10.25-07.04.48:624][  0]LogTargetPlatformManager: Display: Loaded TargetPlatform 'Android_Multi'
[2020.10.25-07.04.48:624][  0]LogTargetPlatformManager: Display: Loaded TargetPlatform 'Android_MultiClient'
[2020.10.25-07.04.48:644][  0]LogTargetPlatformManager: Display: Loaded TargetPlatform 'IOSClient'
[2020.10.25-07.04.48:644][  0]LogTargetPlatformManager: Display: Loaded TargetPlatform 'IOS'
[2020.10.25-07.04.48:666][  0]LogTargetPlatformManager: Display: Loaded TargetPlatform 'Lumin'
[2020.10.25-07.04.48:666][  0]LogTargetPlatformManager: Display: Loaded TargetPlatform 'LuminClient'
[2020.10.25-07.04.48:684][  0]LogTargetPlatformManager: Display: Loaded TargetPlatform 'TVOSClient'
[2020.10.25-07.04.48:684][  0]LogTargetPlatformManager: Display: Loaded TargetPlatform 'TVOS'
[2020.10.25-07.04.48:692][  0]LogTargetPlatformManager: Display: Loaded TargetPlatform 'WindowsNoEditor'
[2020.10.25-07.04.48:700][  0]LogTargetPlatformManager: Display: Loaded TargetPlatform 'Windows'
[2020.10.25-07.04.48:711][  0]LogTargetPlatformManager: Display: Loaded TargetPlatform 'WindowsClient'
[2020.10.25-07.04.48:720][  0]LogTargetPlatformManager: Display: Loaded TargetPlatform 'WindowsServer'
[2020.10.25-07.04.48:728][  0]LogTargetPlatformManager: Display: Loaded TargetPlatform 'XXX'
[2020.10.25-07.04.48:728][  0]LogTargetPlatformManager: Display: Building Assets For Windows
[2020.10.25-07.04.48:734][  0]LogAudioDebug: Display: Lib vorbis DLL was dynamically loaded.
[2020.10.25-07.04.48:785][  0]LogShaderCompilers: Guid format shader working directory is -16 characters bigger than the processId version (../../../../../UnrealProject/FPS System/FPSSystee34f48bc7412V4/data/Intermediate/Shaders/WorkingDirectory/36308/).
[2020.10.25-07.04.48:785][  0]LogShaderCompilers: Cleaned the shader compiler working directory 'C:/Users/DengJiaying/AppData/Local/Temp/UnrealShaderWorkingDir/15751EFC4F5ED19ECE1EF88284E41384/'.
[2020.10.25-07.04.48:786][  0]LogXGEController: Cleaning working directory: C:/Users/DengJiaying/AppData/Local/Temp/UnrealXGEWorkingDir/
[2020.10.25-07.04.48:786][  0]LogXGEController: Cannot use XGE Controller as Incredibuild is not installed on this machine.
[2020.10.25-07.04.48:786][  0]LogShaderCompilers: Cannot use XGE Shader Compiler as Incredibuild is not installed on this machine.
[2020.10.25-07.04.48:786][  0]LogShaderCompilers: Display: Using Local Shader Compiler.
[2020.10.25-07.04.49:419][  0]LogDerivedDataCache: Display: Max Cache Size: 512 MB
[2020.10.25-07.04.49:468][  0]LogDerivedDataCache: Loaded boot cache 0.05s 75MB ../../../../../UnrealProject/FPS System/FPSSystee34f48bc7412V4/data/DerivedDataCache/Boot.ddc.
[2020.10.25-07.04.49:468][  0]LogDerivedDataCache: Display: Loaded Boot cache: ../../../../../UnrealProject/FPS System/FPSSystee34f48bc7412V4/data/DerivedDataCache/Boot.ddc
[2020.10.25-07.04.49:468][  0]LogDerivedDataCache: FDerivedDataBackendGraph:  Pak pak cache file ../../../../../UnrealProject/FPS System/FPSSystee34f48bc7412V4/data/DerivedDataCache/DDC.ddp not found, will not use a pak cache.
[2020.10.25-07.04.49:468][  0]LogDerivedDataCache: Unable to find inner node Pak for hierarchical cache Hierarchy.
[2020.10.25-07.04.49:468][  0]LogDerivedDataCache: FDerivedDataBackendGraph:  EnginePak pak cache file ../../../Engine/DerivedDataCache/DDC.ddp not found, will not use a pak cache.
[2020.10.25-07.04.49:468][  0]LogDerivedDataCache: Unable to find inner node EnginePak for hierarchical cache Hierarchy.
[2020.10.25-07.04.49:469][  0]LogDerivedDataCache: Using Local data cache path ../../../Engine/DerivedDataCache: Writable
[2020.10.25-07.04.49:469][  0]LogDerivedDataCache: Shared data cache path not found in *engine.ini, will not use an Shared cache.
[2020.10.25-07.04.49:469][  0]LogDerivedDataCache: Unable to find inner node Shared for hierarchical cache Hierarchy.
[2020.10.25-07.04.49:513][  0]LogSlate: Using FreeType 2.10.0
[2020.10.25-07.04.49:513][  0]LogSlate: SlateFontServices - WITH_FREETYPE: 1, WITH_HARFBUZZ: 1
[2020.10.25-07.04.49:534][  0]LogAssetRegistry: FAssetRegistry took 0.0021 seconds to start up
[2020.10.25-07.04.49:745][  0]LogInit: Selected Device Profile: [Windows]
[2020.10.25-07.04.49:847][  0]LogMeshReduction: Using QuadricMeshReduction for automatic static mesh reduction
[2020.10.25-07.04.49:847][  0]LogMeshReduction: Using SimplygonMeshReduction for automatic skeletal mesh reduction
[2020.10.25-07.04.49:847][  0]LogMeshReduction: Using ProxyLODMeshReduction for automatic mesh merging
[2020.10.25-07.04.49:847][  0]LogMeshReduction: No distributed automatic mesh merging module available
[2020.10.25-07.04.49:847][  0]LogMeshMerging: No distributed automatic mesh merging module available
[2020.10.25-07.04.49:861][  0]LogNetVersion: FPS_System_BP 1.0.0, NetCL: 0, EngineNetVer: 14, GameNetVer: 0 (Checksum: 3754287128)
[2020.10.25-07.04.50:236][  0]LogAISub: UAISubsystem::UAISubsystem AISubsystem (000001CA2C097940), frame # 0
[2020.10.25-07.04.50:236][  0]LogAISub: UAISubsystem::UAISubsystem AIPerceptionSystem (000001CA2C0A4F40), frame # 0
[2020.10.25-07.04.50:237][  0]LogAISub: UAISubsystem::UAISubsystem EnvQueryManager (000001CA2C0F1E00), frame # 0
[2020.10.25-07.04.50:329][  0]LogPackageLocalizationCache: Processed 19 localized package path(s) for 2 prioritized culture(s) in 0.085655 seconds
[2020.10.25-07.04.50:333][  0]LogUObjectArray: 15903 objects as part of root set at end of initial load.
[2020.10.25-07.04.50:333][  0]LogUObjectAllocator: 3962048 out of 0 bytes used by permanent object pool.
[2020.10.25-07.04.50:333][  0]LogUObjectArray: CloseDisregardForGC: 0/0 objects in disregard for GC pool
[2020.10.25-07.04.50:616][  0]LogTcpMessaging: Initializing TcpMessaging bridge
[2020.10.25-07.04.50:620][  0]LogUdpMessaging: Initializing bridge on interface 0.0.0.0:0 to multicast group 230.0.0.1:6666.
[2020.10.25-07.04.50:682][  0]SourceControl: 源码管理已禁用
[2020.10.25-07.04.50:682][  0]SourceControl: 源码管理已禁用
[2020.10.25-07.04.50:685][  0]SourceControl: 源码管理已禁用
[2020.10.25-07.04.50:687][  0]SourceControl: 源码管理已禁用
[2020.10.25-07.04.50:692][  0]SourceControl: 源码管理已禁用
[2020.10.25-07.04.50:900][  0]LogAndroidPermission: UAndroidPermissionCallbackProxy::GetInstance
[2020.10.25-07.04.50:916][  0]LogAudioCaptureCore: Display: No Audio Capture implementations found. Audio input will be silent.
[2020.10.25-07.04.50:916][  0]LogAudioCaptureCore: Display: No Audio Capture implementations found. Audio input will be silent.
[2020.10.25-07.04.50:957][  0]LogOcInput: OculusInput pre-init called
[2020.10.25-07.04.50:966][  0]LogWindows: Failed to load 'OVRPlugin.dll' (GetLastError=126)
[2020.10.25-07.04.50:966][  0]LogWindows: File 'OVRPlugin.dll' does not exist
[2020.10.25-07.04.51:016][  0]LogEngine: Initializing Engine...
[2020.10.25-07.04.51:017][  0]LogHMD: Failed to initialize OpenVR with code 110
[2020.10.25-07.04.51:017][  0]LogMagicLeap: Warning: VR disabled because ZI is not enabled.  To enable, in the editor, Edit -> Project Settings -> Plugins -> Magic Leap Plugin -> Enable Zero Iteration
[2020.10.25-07.04.51:018][  0]LogStats: UGameplayTagsManager::InitializeManager -  0.000 s
[2020.10.25-07.04.51:120][  0]LogInit: Initializing FReadOnlyCVARCache
[2020.10.25-07.04.51:129][  0]LogAIModule: Creating AISystem for world Untitled
[2020.10.25-07.04.51:129][  0]LogAISub: UAISubsystem::UAISubsystem EnvQueryManager (000001CA2FF24600), frame # 0
[2020.10.25-07.04.51:129][  0]LogAISub: UAISubsystem::UAISubsystem AIPerceptionSystem (000001CA2FF34B80), frame # 0
[2020.10.25-07.04.51:134][  0]LogAudioMixer: Display: Audio Mixer Platform Settings:
[2020.10.25-07.04.51:134][  0]LogAudioMixer: Display: 	Sample Rate:						  48000
[2020.10.25-07.04.51:134][  0]LogAudioMixer: Display: 	Callback Buffer Frame Size Requested: 1024
[2020.10.25-07.04.51:134][  0]LogAudioMixer: Display: 	Callback Buffer Frame Size To Use:	  1024
[2020.10.25-07.04.51:134][  0]LogAudioMixer: Display: 	Number of buffers to queue:			  2
[2020.10.25-07.04.51:134][  0]LogAudioMixer: Display: 	Max Channels (voices):				  32
[2020.10.25-07.04.51:134][  0]LogAudioMixer: Display: 	Number of Async Source Workers:		  0
[2020.10.25-07.04.51:134][  0]LogAudio: Display: AudioDevice MaxSources: 32
[2020.10.25-07.04.51:135][  0]LogAudio: Display: Using built-in audio occlusion.
[2020.10.25-07.04.51:135][  0]LogAudioMixer: Display: Initializing audio mixer.
[2020.10.25-07.04.51:150][  0]LogAudioMixer: Display: 0: FrontLeft
[2020.10.25-07.04.51:150][  0]LogAudioMixer: Display: 1: FrontRight
[2020.10.25-07.04.51:181][  0]LogAudioMixer: Display: Using Audio Device Realtek Digital Output(Optical) (2- Realtek High Definition Audio)
[2020.10.25-07.04.51:182][  0]LogAudioMixer: Display: Initializing Sound Submixes...
[2020.10.25-07.04.51:183][  0]LogAudioMixer: Display: Creating Master Submix 'MasterSubmixDefault'
[2020.10.25-07.04.51:184][  0]LogAudioMixer: Display: Creating Master Submix 'MasterReverbSubmixDefault'
[2020.10.25-07.04.51:184][  0]LogAudioMixer: Display: Creating Master Submix 'MasterEQSubmixDefault'
[2020.10.25-07.04.51:185][  0]LogInit: FAudioDevice initialized.
[2020.10.25-07.04.51:185][  0]LogNetVersion: Set ProjectVersion to 1.0.0.0. Version Checksum will be recalculated on next use.
[2020.10.25-07.04.51:300][  0]LogDerivedDataCache: Saved boot cache 0.12s 75MB ../../../../../UnrealProject/FPS System/FPSSystee34f48bc7412V4/data/DerivedDataCache/Boot.ddc.
[2020.10.25-07.04.51:304][  0]LogInit: Texture streaming: Enabled
[2020.10.25-07.04.51:317][  0]LogEngineSessionManager: EngineSessionManager initialized
[2020.10.25-07.04.51:317][  0]LogEditorSessionSummary: Verbose: Initializing EditorSessionSummaryWriter for editor session tracking
[2020.10.25-07.04.51:319][  0]LogEditorSessionSummary: EditorSessionSummaryWriter initialized
[2020.10.25-07.04.51:366][  0]LogInit: Transaction tracking system initialized
[2020.10.25-07.04.51:383][  0]BlueprintLog: New page: 编辑器加载
[2020.10.25-07.04.51:437][  0]LocalizationService: 本地化服务已禁用
[2020.10.25-07.04.51:754][  0]LogCook: Display: Max memory allowance for cook 16384mb min free memory 0mb
[2020.10.25-07.04.51:754][  0]LogCook: Display: Mobile HDR setting 1
[2020.10.25-07.04.51:859][  0]LogFileCache: Scanning file cache for directory 'C:/UnrealProject/FPS System/FPSSystee34f48bc7412V4/data/Content/' took 0.00s
[2020.10.25-07.04.52:057][  0]SourceControl: 源码管理已禁用
[2020.10.25-07.04.52:057][  0]LogUnrealEdMisc: Loading editor; pre map load, took 5.075
[2020.10.25-07.04.52:058][  0]Cmd: MAP LOAD FILE="../../../../../UnrealProject/FPS System/FPSSystee34f48bc7412V4/data/Content/FPS_System/Level/FPS_Level.umap" TEMPLATE=0 SHOWPROGRESS=1 FEATURELEVEL=3
[2020.10.25-07.04.52:058][  0]LightingResults: New page: 光照构建
[2020.10.25-07.04.52:058][  0]LogWorld: UWorld::CleanupWorld for Untitled, bSessionEnded=true, bCleanupResources=true
[2020.10.25-07.04.52:058][  0]LogSlate: InvalidateAllWidgets triggered.  All widgets were invalidated
[2020.10.25-07.04.52:059][  0]MapCheck: New page: 地图检测
[2020.10.25-07.04.52:059][  0]LightingResults: New page: 光照构建
[2020.10.25-07.04.52:066][  0]LogAISub: UAISubsystem::~UAISubsystem EnvQueryManager (000001CA2FF24600), frame # 0
[2020.10.25-07.04.52:066][  0]LogAISub: UAISubsystem::~UAISubsystem AIPerceptionSystem (000001CA2FF34B80), frame # 0
[2020.10.25-07.04.52:067][  0]LogUObjectHash: Compacting FUObjectHashTables data took   0.55ms
[2020.10.25-07.04.52:331][  0]LogBlueprint: Warning: [Compiler Player_BP] 指定非默认值的输入引脚  Max Bokeh Size  已不存在于节点  创建PostProcessSettings  上。请刷新节点或重置引脚为默数值来移除引脚。
[2020.10.25-07.04.52:556][  0]LogAIModule: Creating AISystem for world FPS_Level
[2020.10.25-07.04.52:556][  0]LogAISub: UAISubsystem::UAISubsystem EnvQueryManager (000001CA25BABE00), frame # 0
[2020.10.25-07.04.52:557][  0]LogAISub: UAISubsystem::UAISubsystem AIPerceptionSystem (000001CA23544900), frame # 0
[2020.10.25-07.04.52:577][  0]LogEditorServer: Finished looking for orphan Actors (0.000 secs)
[2020.10.25-07.04.52:640][  0]LogUObjectHash: Compacting FUObjectHashTables data took   0.91ms
[2020.10.25-07.04.52:640][  0]Cmd: MAP CHECKDEP NOCLEARLOG
[2020.10.25-07.04.52:641][  0]MapCheck: 地图检测完成：0个错误、0个警告、完成用时0.197毫秒。
[2020.10.25-07.04.52:641][  0]LogFileHelpers: Loading map 'FPS_Level' took 0.583
[2020.10.25-07.04.52:642][  0]LogUnrealEdMisc: Total Editor Startup Time, took 5.659
[2020.10.25-07.04.52:774][  0]LogSlate: Updating window title bar state: overlay mode, drag disabled, window buttons hidden, title bar hidden
[2020.10.25-07.04.52:780][  0]LogSlate: Updating window title bar state: overlay mode, drag disabled, window buttons hidden, title bar hidden
[2020.10.25-07.04.52:786][  0]LogSlate: Updating window title bar state: overlay mode, drag disabled, window buttons hidden, title bar hidden
[2020.10.25-07.04.52:792][  0]LogSlate: Updating window title bar state: overlay mode, drag disabled, window buttons hidden, title bar hidden
[2020.10.25-07.04.52:798][  0]LogCollectionManager: Loaded 0 collections in 0.002005 seconds
[2020.10.25-07.04.52:810][  0]LogFileCache: Scanning file cache for directory 'C:/UnrealProject/FPS System/FPSSystee34f48bc7412V4/data/Saved/Collections/' took 0.00s
[2020.10.25-07.04.52:810][  0]LogFileCache: Scanning file cache for directory 'C:/UnrealProject/FPS System/FPSSystee34f48bc7412V4/data/Content/Developers/邓佳颖/Collections/' took 0.00s
[2020.10.25-07.04.52:810][  0]LogFileCache: Scanning file cache for directory 'C:/UnrealProject/FPS System/FPSSystee34f48bc7412V4/data/Content/Collections/' took 0.00s
[2020.10.25-07.04.52:810][  0]LogContentBrowser: Native class hierarchy populated in 0.0080 seconds. Added 3426 classes and 819 folders.
[2020.10.25-07.04.52:812][  0]LogContentBrowser: Native class hierarchy updated for 'WidgetCarousel' in 0.0002 seconds. Added 0 classes and 0 folders.
[2020.10.25-07.04.52:854][  0]LogContentBrowser: Native class hierarchy updated for 'AddContentDialog' in 0.0002 seconds. Added 0 classes and 0 folders.
[2020.10.25-07.04.52:855][  0]LogContentBrowser: Native class hierarchy updated for 'SceneOutliner' in 0.0002 seconds. Added 2 classes and 0 folders.
[2020.10.25-07.04.52:898][  0]LogSlate: Took 0.000179 seconds to synchronously load lazily loaded font '../../../Engine/Content/Slate/Fonts/Roboto-Regular.ttf' (155K)
[2020.10.25-07.04.52:901][  0]LogSlate: Took 0.001768 seconds to synchronously load lazily loaded font '../../../Engine/Content/Slate/Fonts/DroidSansFallback.ttf' (3848K)
[2020.10.25-07.04.52:901][  0]LogSlate: Took 0.000145 seconds to synchronously load lazily loaded font '../../../Engine/Content/Slate/Fonts/Roboto-Bold.ttf' (160K)
[2020.10.25-07.04.52:903][  0]LogSlate: Took 0.000091 seconds to synchronously load lazily loaded font '../../../Engine/Content/Editor/Slate/Fonts/FontAwesome.ttf' (139K)
[2020.10.25-07.04.52:974][  0]LogRenderer: Reallocating scene render targets to support 1052x528 Format 10 NumSamples 1 (Frame:1).
[2020.10.25-07.04.53:117][  0]LogContentBrowser: Native class hierarchy updated for 'HierarchicalLODOutliner' in 0.0002 seconds. Added 0 classes and 0 folders.
[2020.10.25-07.04.53:117][  0]LogLoad: (Engine Initialization) Total time: 6.13 seconds
[2020.10.25-07.04.53:117][  0]LogLoad: (Engine Initialization) Total Blueprint compile time: 0.00 seconds
[2020.10.25-07.04.53:302][  0]LogAssetRegistry: Asset discovery search completed in 3.7686 seconds
[2020.10.25-07.04.53:305][  0]LogCollectionManager: Fixed up redirectors for 0 collections in 0.000002 seconds (updated 0 objects)
[2020.10.25-07.04.53:306][  0]LogContentStreaming: Texture pool size now 1000 MB
[2020.10.25-07.04.53:320][  0]LogSlate: Took 0.000116 seconds to synchronously load lazily loaded font '../../../Engine/Content/Slate/Fonts/Roboto-Light.ttf' (167K)
[2020.10.25-07.05.06:283][463]LogTemp: Repeating last play command: 选中的视口
[2020.10.25-07.05.06:288][463]LogPlayLevel: PlayLevel: No blueprints needed recompiling
[2020.10.25-07.05.06:289][463]PIE: New page: PIE会话：FPS_Level（2020年10月25日 下午11:05:06）
[2020.10.25-07.05.06:290][463]LogOnline: OSS: Creating online subsystem instance for: NULL
[2020.10.25-07.05.06:290][463]LogOnline: OSS: TryLoadSubsystemAndSetDefault: Loaded subsystem for module [NULL]
[2020.10.25-07.05.06:290][463]LogPlayLevel: Creating play world package: /Game/FPS_System/Level/UEDPIE_0_FPS_Level
[2020.10.25-07.05.06:306][463]LogPlayLevel: PIE: StaticDuplicateObject took: (0.015857s)
[2020.10.25-07.05.06:307][463]LogAIModule: Creating AISystem for world FPS_Level
[2020.10.25-07.05.06:308][463]LogAISub: UAISubsystem::UAISubsystem EnvQueryManager (000001CA41778600), frame # 463
[2020.10.25-07.05.06:308][463]LogAISub: UAISubsystem::UAISubsystem AIPerceptionSystem (000001CA234EA200), frame # 463
[2020.10.25-07.05.06:308][463]LogPlayLevel: PIE: World Init took: (0.001324s)
[2020.10.25-07.05.06:308][463]LogPlayLevel: PIE: Created PIE world by copying editor world from /Game/FPS_System/Level/FPS_Level.FPS_Level to /Game/FPS_System/Level/UEDPIE_0_FPS_Level.FPS_Level (0.017330s)
[2020.10.25-07.05.06:315][463]LogUObjectHash: Compacting FUObjectHashTables data took   0.54ms
[2020.10.25-07.05.06:316][463]LogAudioMixer: Display: Audio Mixer Platform Settings:
[2020.10.25-07.05.06:316][463]LogAudioMixer: Display: 	Sample Rate:						  48000
[2020.10.25-07.05.06:316][463]LogAudioMixer: Display: 	Callback Buffer Frame Size Requested: 1024
[2020.10.25-07.05.06:316][463]LogAudioMixer: Display: 	Callback Buffer Frame Size To Use:	  1024
[2020.10.25-07.05.06:316][463]LogAudioMixer: Display: 	Number of buffers to queue:			  2
[2020.10.25-07.05.06:316][463]LogAudioMixer: Display: 	Max Channels (voices):				  32
[2020.10.25-07.05.06:316][463]LogAudioMixer: Display: 	Number of Async Source Workers:		  0
[2020.10.25-07.05.06:316][463]LogAudio: Display: AudioDevice MaxSources: 32
[2020.10.25-07.05.06:316][463]LogAudio: Display: Using built-in audio occlusion.
[2020.10.25-07.05.06:316][463]LogAudioMixer: Display: Initializing audio mixer.
[2020.10.25-07.05.06:444][463]LogAudioMixer: Display: 0: FrontLeft
[2020.10.25-07.05.06:444][463]LogAudioMixer: Display: 1: FrontRight
[2020.10.25-07.05.06:460][463]LogAudioMixer: Display: Using Audio Device Realtek Digital Output(Optical) (2- Realtek High Definition Audio)
[2020.10.25-07.05.06:460][463]LogAudioMixer: Display: Initializing Sound Submixes...
[2020.10.25-07.05.06:461][463]LogAudioMixer: Display: Creating Master Submix 'MasterSubmixDefault'
[2020.10.25-07.05.06:461][463]LogAudioMixer: Display: Creating Master Submix 'MasterReverbSubmixDefault'
[2020.10.25-07.05.06:461][463]LogAudioMixer: Display: Creating Master Submix 'MasterEQSubmixDefault'
[2020.10.25-07.05.06:470][463]LogInit: FAudioDevice initialized.
[2020.10.25-07.05.06:475][463]LogLoad: Game class is 'FPS_GameMode_C'
[2020.10.25-07.05.06:478][463]LogWorld: Bringing World /Game/FPS_System/Level/UEDPIE_0_FPS_Level.FPS_Level up for play (max tick rate 0) at 2020.10.25-15.05.06
[2020.10.25-07.05.06:478][463]LogWorld: Bringing up level for play took: 0.002480
[2020.10.25-07.05.06:478][463]LogOnline: OSS: Creating online subsystem instance for: :Context_1
[2020.10.25-07.05.06:834][463]LogContentBrowser: Native class hierarchy updated for 'MovieSceneCapture' in 0.0003 seconds. Added 20 classes and 0 folders.
[2020.10.25-07.05.06:835][463]AnimBlueprintLog: Warning: 插槽节点：动画实例类Player_AnimBP_C中已存在“UpperBody”。从此类的动画图表中删除重复项。
[2020.10.25-07.05.06:838][463]PIE: 登陆的服务器
[2020.10.25-07.05.06:840][463]PIE: PIE总开始时间：0.552秒。
[2020.10.25-07.06.16:671][686]LogSlate: Updating window title bar state: overlay mode, drag disabled, window buttons hidden, title bar hidden
[2020.10.25-07.06.16:671][686]LogWorld: BeginTearingDown for /Game/FPS_System/Level/UEDPIE_0_FPS_Level
[2020.10.25-07.06.16:672][686]LogWorld: UWorld::CleanupWorld for FPS_Level, bSessionEnded=true, bCleanupResources=true
[2020.10.25-07.06.16:673][686]LogSlate: InvalidateAllWidgets triggered.  All widgets were invalidated
[2020.10.25-07.06.16:724][686]LogPlayLevel: Display: Shutting down PIE online subsystems
[2020.10.25-07.06.16:726][686]LogSlate: InvalidateAllWidgets triggered.  All widgets were invalidated
[2020.10.25-07.06.16:746][686]LogSlate: Updating window title bar state: overlay mode, drag disabled, window buttons hidden, title bar hidden
[2020.10.25-07.06.16:747][686]LogAISub: UAISubsystem::~UAISubsystem AIPerceptionSystem (000001CA234EA200), frame # 2686
[2020.10.25-07.06.16:747][686]LogAISub: UAISubsystem::~UAISubsystem EnvQueryManager (000001CA41778600), frame # 2686
[2020.10.25-07.06.16:748][686]LogUObjectHash: Compacting FUObjectHashTables data took   0.68ms
[2020.10.25-07.06.16:783][687]LogPlayLevel: Display: Destroying online subsystem :Context_1
[2020.10.25-07.06.20:263][820]LogEditorViewport: Clicking on Actor (LMB): StaticMeshActor (EditorCube15)
[2020.10.25-07.07.10:546][644]Cmd: SELECT NONE
[2020.10.25-07.08.13:090][ 24]LogTemp: Repeating last play command: 选中的视口
[2020.10.25-07.08.13:102][ 24]LogPlayLevel: PlayLevel: No blueprints needed recompiling
[2020.10.25-07.08.13:102][ 24]PIE: New page: PIE会话：FPS_Level（2020年10月25日 下午11:08:13）
[2020.10.25-07.08.13:102][ 24]LogPlayLevel: Creating play world package: /Game/FPS_System/Level/UEDPIE_0_FPS_Level
[2020.10.25-07.08.13:122][ 24]LogPlayLevel: PIE: StaticDuplicateObject took: (0.019126s)
[2020.10.25-07.08.13:124][ 24]LogAIModule: Creating AISystem for world FPS_Level
[2020.10.25-07.08.13:124][ 24]LogAISub: UAISubsystem::UAISubsystem EnvQueryManager (000001CA4C85FE00), frame # 5024
[2020.10.25-07.08.13:124][ 24]LogAISub: UAISubsystem::UAISubsystem AIPerceptionSystem (000001CA29205940), frame # 5024
[2020.10.25-07.08.13:125][ 24]LogPlayLevel: PIE: World Init took: (0.002766s)
[2020.10.25-07.08.13:125][ 24]LogPlayLevel: PIE: Created PIE world by copying editor world from /Game/FPS_System/Level/FPS_Level.FPS_Level to /Game/FPS_System/Level/UEDPIE_0_FPS_Level.FPS_Level (0.022181s)
[2020.10.25-07.08.13:133][ 24]LogUObjectHash: Compacting FUObjectHashTables data took   0.67ms
[2020.10.25-07.08.13:137][ 24]LogAudioMixer: Display: Audio Mixer Platform Settings:
[2020.10.25-07.08.13:138][ 24]LogAudioMixer: Display: 	Sample Rate:						  48000
[2020.10.25-07.08.13:138][ 24]LogAudioMixer: Display: 	Callback Buffer Frame Size Requested: 1024
[2020.10.25-07.08.13:138][ 24]LogAudioMixer: Display: 	Callback Buffer Frame Size To Use:	  1024
[2020.10.25-07.08.13:138][ 24]LogAudioMixer: Display: 	Number of buffers to queue:			  2
[2020.10.25-07.08.13:138][ 24]LogAudioMixer: Display: 	Max Channels (voices):				  32
[2020.10.25-07.08.13:138][ 24]LogAudioMixer: Display: 	Number of Async Source Workers:		  0
[2020.10.25-07.08.13:138][ 24]LogAudio: Display: AudioDevice MaxSources: 32
[2020.10.25-07.08.13:138][ 24]LogAudio: Display: Using built-in audio occlusion.
[2020.10.25-07.08.13:138][ 24]LogAudioMixer: Display: Initializing audio mixer.
[2020.10.25-07.08.13:265][ 24]LogAudioMixer: Display: 0: FrontLeft
[2020.10.25-07.08.13:265][ 24]LogAudioMixer: Display: 1: FrontRight
[2020.10.25-07.08.13:282][ 24]LogAudioMixer: Display: Using Audio Device Realtek Digital Output(Optical) (2- Realtek High Definition Audio)
[2020.10.25-07.08.13:283][ 24]LogAudioMixer: Display: Initializing Sound Submixes...
[2020.10.25-07.08.13:283][ 24]LogAudioMixer: Display: Creating Master Submix 'MasterSubmixDefault'
[2020.10.25-07.08.13:283][ 24]LogAudioMixer: Display: Creating Master Submix 'MasterReverbSubmixDefault'
[2020.10.25-07.08.13:283][ 24]LogAudioMixer: Display: Creating Master Submix 'MasterEQSubmixDefault'
[2020.10.25-07.08.13:292][ 24]LogInit: FAudioDevice initialized.
[2020.10.25-07.08.13:300][ 24]LogLoad: Game class is 'FPS_GameMode_C'
[2020.10.25-07.08.13:303][ 24]LogWorld: Bringing World /Game/FPS_System/Level/UEDPIE_0_FPS_Level.FPS_Level up for play (max tick rate 0) at 2020.10.25-15.08.13
[2020.10.25-07.08.13:304][ 24]LogWorld: Bringing up level for play took: 0.002750
[2020.10.25-07.08.13:304][ 24]LogOnline: OSS: Creating online subsystem instance for: :Context_4
[2020.10.25-07.08.13:305][ 24]AnimBlueprintLog: Warning: 插槽节点：动画实例类Player_AnimBP_C中已存在“UpperBody”。从此类的动画图表中删除重复项。
[2020.10.25-07.08.13:308][ 24]PIE: 登陆的服务器
[2020.10.25-07.08.13:308][ 24]PIE: PIE总开始时间：0.207秒。
[2020.10.25-07.08.28:532][507]LogSlate: Updating window title bar state: overlay mode, drag disabled, window buttons hidden, title bar hidden
[2020.10.25-07.08.28:532][507]LogWorld: BeginTearingDown for /Game/FPS_System/Level/UEDPIE_0_FPS_Level
[2020.10.25-07.08.28:532][507]LogWorld: UWorld::CleanupWorld for FPS_Level, bSessionEnded=true, bCleanupResources=true
[2020.10.25-07.08.28:532][507]LogSlate: InvalidateAllWidgets triggered.  All widgets were invalidated
[2020.10.25-07.08.28:579][507]LogPlayLevel: Display: Shutting down PIE online subsystems
[2020.10.25-07.08.28:580][507]LogSlate: InvalidateAllWidgets triggered.  All widgets were invalidated
[2020.10.25-07.08.28:587][507]LogSlate: Updating window title bar state: overlay mode, drag disabled, window buttons hidden, title bar hidden
[2020.10.25-07.08.28:600][507]LogAISub: UAISubsystem::~UAISubsystem AIPerceptionSystem (000001CA29205940), frame # 5507
[2020.10.25-07.08.28:600][507]LogAISub: UAISubsystem::~UAISubsystem EnvQueryManager (000001CA4C85FE00), frame # 5507
[2020.10.25-07.08.28:601][507]LogUObjectHash: Compacting FUObjectHashTables data took   0.63ms
[2020.10.25-07.08.28:634][508]LogPlayLevel: Display: Destroying online subsystem :Context_4
[2020.10.25-07.08.30:398][573]LogTemp: Repeating last play command: 选中的视口
[2020.10.25-07.08.30:404][573]LogPlayLevel: PlayLevel: No blueprints needed recompiling
[2020.10.25-07.08.30:404][573]PIE: New page: PIE会话：FPS_Level（2020年10月25日 下午11:08:30）
[2020.10.25-07.08.30:405][573]LogPlayLevel: Creating play world package: /Game/FPS_System/Level/UEDPIE_0_FPS_Level
[2020.10.25-07.08.30:426][573]LogPlayLevel: PIE: StaticDuplicateObject took: (0.021097s)
[2020.10.25-07.08.30:427][573]LogAIModule: Creating AISystem for world FPS_Level
[2020.10.25-07.08.30:427][573]LogAISub: UAISubsystem::UAISubsystem EnvQueryManager (000001CA41B9EE00), frame # 5573
[2020.10.25-07.08.30:427][573]LogAISub: UAISubsystem::UAISubsystem AIPerceptionSystem (000001CA257AD1C0), frame # 5573
[2020.10.25-07.08.30:428][573]LogPlayLevel: PIE: World Init took: (0.001390s)
[2020.10.25-07.08.30:428][573]LogPlayLevel: PIE: Created PIE world by copying editor world from /Game/FPS_System/Level/FPS_Level.FPS_Level to /Game/FPS_System/Level/UEDPIE_0_FPS_Level.FPS_Level (0.022795s)
[2020.10.25-07.08.30:438][573]LogUObjectHash: Compacting FUObjectHashTables data took   0.77ms
[2020.10.25-07.08.30:440][573]LogAudioMixer: Display: Audio Mixer Platform Settings:
[2020.10.25-07.08.30:440][573]LogAudioMixer: Display: 	Sample Rate:						  48000
[2020.10.25-07.08.30:440][573]LogAudioMixer: Display: 	Callback Buffer Frame Size Requested: 1024
[2020.10.25-07.08.30:440][573]LogAudioMixer: Display: 	Callback Buffer Frame Size To Use:	  1024
[2020.10.25-07.08.30:440][573]LogAudioMixer: Display: 	Number of buffers to queue:			  2
[2020.10.25-07.08.30:440][573]LogAudioMixer: Display: 	Max Channels (voices):				  32
[2020.10.25-07.08.30:440][573]LogAudioMixer: Display: 	Number of Async Source Workers:		  0
[2020.10.25-07.08.30:440][573]LogAudio: Display: AudioDevice MaxSources: 32
[2020.10.25-07.08.30:440][573]LogAudio: Display: Using built-in audio occlusion.
[2020.10.25-07.08.30:440][573]LogAudioMixer: Display: Initializing audio mixer.
[2020.10.25-07.08.30:565][573]LogAudioMixer: Display: 0: FrontLeft
[2020.10.25-07.08.30:565][573]LogAudioMixer: Display: 1: FrontRight
[2020.10.25-07.08.30:581][573]LogAudioMixer: Display: Using Audio Device Realtek Digital Output(Optical) (2- Realtek High Definition Audio)
[2020.10.25-07.08.30:581][573]LogAudioMixer: Display: Initializing Sound Submixes...
[2020.10.25-07.08.30:581][573]LogAudioMixer: Display: Creating Master Submix 'MasterSubmixDefault'
[2020.10.25-07.08.30:582][573]LogAudioMixer: Display: Creating Master Submix 'MasterReverbSubmixDefault'
[2020.10.25-07.08.30:582][573]LogAudioMixer: Display: Creating Master Submix 'MasterEQSubmixDefault'
[2020.10.25-07.08.30:590][573]LogInit: FAudioDevice initialized.
[2020.10.25-07.08.30:596][573]LogLoad: Game class is 'FPS_GameMode_C'
[2020.10.25-07.08.30:599][573]LogWorld: Bringing World /Game/FPS_System/Level/UEDPIE_0_FPS_Level.FPS_Level up for play (max tick rate 0) at 2020.10.25-15.08.30
[2020.10.25-07.08.30:599][573]LogWorld: Bringing up level for play took: 0.002450
[2020.10.25-07.08.30:599][573]LogOnline: OSS: Creating online subsystem instance for: :Context_5
[2020.10.25-07.08.30:601][573]AnimBlueprintLog: Warning: 插槽节点：动画实例类Player_AnimBP_C中已存在“UpperBody”。从此类的动画图表中删除重复项。
[2020.10.25-07.08.30:603][573]PIE: 登陆的服务器
[2020.10.25-07.08.30:604][573]PIE: PIE总开始时间：0.201秒。
[2020.10.25-07.08.54:582][331]LogSlate: Updating window title bar state: overlay mode, drag disabled, window buttons hidden, title bar hidden
[2020.10.25-07.08.54:582][331]LogWorld: BeginTearingDown for /Game/FPS_System/Level/UEDPIE_0_FPS_Level
[2020.10.25-07.08.54:582][331]LogWorld: UWorld::CleanupWorld for FPS_Level, bSessionEnded=true, bCleanupResources=true
[2020.10.25-07.08.54:582][331]LogSlate: InvalidateAllWidgets triggered.  All widgets were invalidated
[2020.10.25-07.08.54:636][331]LogPlayLevel: Display: Shutting down PIE online subsystems
[2020.10.25-07.08.54:637][331]LogSlate: InvalidateAllWidgets triggered.  All widgets were invalidated
[2020.10.25-07.08.54:645][331]LogSlate: Updating window title bar state: overlay mode, drag disabled, window buttons hidden, title bar hidden
[2020.10.25-07.08.54:658][331]LogAISub: UAISubsystem::~UAISubsystem AIPerceptionSystem (000001CA257AD1C0), frame # 6331
[2020.10.25-07.08.54:658][331]LogAISub: UAISubsystem::~UAISubsystem EnvQueryManager (000001CA41B9EE00), frame # 6331
[2020.10.25-07.08.54:659][331]LogUObjectHash: Compacting FUObjectHashTables data took   0.56ms
[2020.10.25-07.08.54:691][332]LogPlayLevel: Display: Destroying online subsystem :Context_5
[2020.10.25-07.08.59:459][508]Cmd: SELECT NONE
